2026-05-30T19:18:11.029152Z  INFO liq_bot: no keypair configured: report-only mode
2026-05-30T19:18:11.029356Z  INFO liq_bot: liq-bot starting (protocols: marginfi, kamino, drift, solend)
2026-05-30T19:18:14.600534Z  INFO liq_bot::protocol::marginfi: fetched 427 bank accounts
2026-05-30T19:21:14.616152Z ERROR liq_bot::tui: scan failed panel=marginfi-v2 err="request or response body error: operation timed out: request or response body error: operation timed out: operation timed out"
2026-05-30T19:21:20.268294Z  INFO liq_bot::protocol::kamino: fetched 501 kamino reserves
2026-05-30T19:21:20.268411Z  WARN liq_bot::protocol::kamino: kamino reserve parse failed reserve=6Cf6DF9HsuaioE6EZbyn16VmhwtqVvm1vDThht5BgDw err=kamino market_price_sf implausible: 0
2026-05-30T19:21:20.268437Z  WARN liq_bot::protocol::kamino: kamino reserve parse failed reserve=9sGLZFtEircTUN7M2u8ycv4reCnHbb7gQ7ZaC5DKdPX err=kamino market_price_sf implausible: 0
2026-05-30T19:21:20.268450Z  WARN liq_bot::protocol::kamino: kamino reserve parse failed reserve=ABQ2brXDtcNwqi3hPGXZgRMx16FCSuVsJUwXy3y6pvW err=kamino market_price_sf implausible: 0
2026-05-30T19:21:20.268465Z  WARN liq_bot::protocol::kamino: kamino reserve parse failed reserve=BNMAt8epRJU42qYrLdfah4dfMF5tZ75i8Dhuy2sjqRy err=kamino market_price_sf implausible: 0
2026-05-30T19:21:20.268486Z  WARN liq_bot::protocol::kamino: kamino reserve parse failed reserve=XpHzuceNbSFAe9dm6Mk9bsSz2dn4ju33dQL62ZdRtGU err=kamino market_price_sf implausible: 0.0000009999999999992654
2026-05-30T19:21:20.268498Z  WARN liq_bot::protocol::kamino: kamino reserve parse failed reserve=bxsJgoi6bLAJd2XLhbjG3Jax9uM2eeENMUdDgm4jHEk err=kamino market_price_sf implausible: 0
2026-05-30T19:21:20.268516Z  WARN liq_bot::protocol::kamino: kamino reserve parse failed reserve=tgzRUxssX2tHPPW8U77CZUeS1WURgrbwiy3JEmNwo3y err=kamino market_price_sf implausible: 0
2026-05-30T19:21:20.268528Z  WARN liq_bot::protocol::kamino: kamino reserve parse failed reserve=tuZPan5td8kgmR7u6kBoeEaR1YsGrYXXNwb5cMr2dLx err=kamino market_price_sf implausible: 0
2026-05-30T19:21:20.268540Z  WARN liq_bot::protocol::kamino: kamino reserve parse failed reserve=zxoWLAGVrZ6CLjuzKfXgo2ixcZYWJPKRfw5SYLoXgvs err=kamino market_price_sf implausible: 0
2026-05-30T19:21:20.268552Z  WARN liq_bot::protocol::kamino: kamino reserve parse failed reserve=23gieyBksHzqtZC7Q8BgGdn2AEWxbEdP5hM3bvL2L3rU err=kamino market_price_sf implausible: 0
2026-05-30T19:21:20.268563Z  WARN liq_bot::protocol::kamino: kamino reserve parse failed reserve=24rHexdKPwMWaTdG1PwtsNhZ7wTuwuXUMeTnBhNCBKs9 err=kamino market_price_sf implausible: 0
2026-05-30T19:21:20.268573Z  WARN liq_bot::protocol::kamino: kamino reserve parse failed reserve=274fcxTqxnxHDBTfStcSEEuReSWLw9dZRhZeWcEwZBYf err=kamino market_price_sf implausible: 0
2026-05-30T19:21:20.268586Z  WARN liq_bot::protocol::kamino: kamino reserve parse failed reserve=2G4XXoHYVtBrQrHd8zJpz4TqUp1fYSZfmAbs584TfKQH err=kamino market_price_sf implausible: 0
2026-05-30T19:21:20.268606Z  WARN liq_bot::protocol::kamino: kamino reserve parse failed reserve=2M6QpRQ9qz4oN9FcsGaozGaUsfsR9wvqPwQeWQh11iEm err=kamino market_price_sf implausible: 0
2026-05-30T19:21:20.268618Z  WARN liq_bot::protocol::kamino: kamino reserve parse failed reserve=2NuWMJbLaw6L7oUvddytRwdPe72Vkd99g5vL8dZMuGMS err=kamino market_price_sf implausible: 0
2026-05-30T19:21:20.268631Z  WARN liq_bot::protocol::kamino: kamino reserve parse failed reserve=2bt4CYJTHtGjk5BxJ8WuvwNJErPKuPStXprMHwyq8ZQF err=kamino market_price_sf implausible: 0
2026-05-30T19:21:20.268642Z  WARN liq_bot::protocol::kamino: kamino reserve parse failed reserve=2d18m3wNLpi3hGF8Ev7FodQ9TCTgXfPt2TakHruvFGbm err=kamino market_price_sf implausible: 0
2026-05-30T19:21:20.268653Z  WARN liq_bot::protocol::kamino: kamino reserve parse failed reserve=2g6TbXajzoxriuqo9NcMqatDMPbEjVuGZco1dqNhhpfF err=kamino market_price_sf implausible: 0
2026-05-30T19:21:20.268665Z  WARN liq_bot::protocol::kamino: kamino reserve parse failed reserve=2gxd3TMxoRCqXPD2sy3tLGA1FXJacJ2qTAtvMeFEA3Hx err=kamino market_price_sf implausible: 0
2026-05-30T19:21:20.268676Z  WARN liq_bot::protocol::kamino: kamino reserve parse failed reserve=2k7vsz5Xdtu4zutCHbCms2LbTnR4xjcJ96PQjzTTqZJ7 err=kamino market_price_sf implausible: 0
2026-05-30T19:21:20.268699Z  WARN liq_bot::protocol::kamino: kamino reserve parse failed reserve=2rWXgnJQE7byL8mMtfAvwLtGhSfb5MqBhrfccUNe9UFh err=kamino market_price_sf implausible: 0
2026-05-30T19:21:20.268710Z  WARN liq_bot::protocol::kamino: kamino reserve parse failed reserve=33P86FVGoEKSZ6dtzWPnB2KQ33FZtqkUS19nJt2mnKqz err=kamino market_price_sf implausible: 0
2026-05-30T19:21:20.268722Z  WARN liq_bot::protocol::kamino: kamino reserve parse failed reserve=38kpErqCTcv19NRwgz4uhTegYaFnkB3mcE7dg28EJmjN err=kamino market_price_sf implausible: 0
2026-05-30T19:21:20.268733Z  WARN liq_bot::protocol::kamino: kamino reserve parse failed reserve=3ELVWxv87RbgDGhGHGxDADgBFDtp6PRE2Cq1srfiYEh9 err=kamino market_price_sf implausible: 0
2026-05-30T19:21:20.268743Z  WARN liq_bot::protocol::kamino: kamino reserve parse failed reserve=3LUo2ZQ2nLT5hKry3zFwDa4iiXr4yZpB3ijELJ5BCFuZ err=kamino market_price_sf implausible: 0
2026-05-30T19:21:20.268773Z  WARN liq_bot::protocol::kamino: kamino reserve parse failed reserve=3daaK7TmfZM8FYLu2s5coS57pgxQMsjRT4QxMANWtfyq err=kamino market_price_sf implausible: 0
2026-05-30T19:21:20.268783Z  WARN liq_bot::protocol::kamino: kamino reserve parse failed reserve=3eC4qngMJ9wEwcbGd7G6129wbJX88JqDqUuHhTv6bJXj err=kamino market_price_sf implausible: 0
2026-05-30T19:21:20.268792Z  WARN liq_bot::protocol::kamino: kamino reserve parse failed reserve=3eyNsEFpJ11BhmwrM3U6Yyt1WZnVsR9fERxzwBN3j6Pu err=kamino market_price_sf implausible: 0
2026-05-30T19:21:20.268803Z  WARN liq_bot::protocol::kamino: kamino reserve parse failed reserve=3hdRwRogADvcwAXDK7vYUU4MswyogRmetDqrkDJT8S6c err=kamino market_price_sf implausible: 0
2026-05-30T19:21:20.268816Z  WARN liq_bot::protocol::kamino: kamino reserve parse failed reserve=3pEJE9y7bEipuh1FUSDyCmXFXJtoJZggWbhdeGyi4shi err=kamino market_price_sf implausible: 0
2026-05-30T19:21:20.268827Z  WARN liq_bot::protocol::kamino: kamino reserve parse failed reserve=3qwqMMmGxuV5CYpav5CyHveFHHMWcLPdXvDpZ9dK6avy err=kamino market_price_sf implausible: 0
2026-05-30T19:21:20.268841Z  WARN liq_bot::protocol::kamino: kamino reserve parse failed reserve=4DVk8naJ8z3RYoWM7ui6XGQag2bE2bzVDrY9thMa3GfY err=kamino market_price_sf implausible: 0
2026-05-30T19:21:20.268851Z  WARN liq_bot::protocol::kamino: kamino reserve parse failed reserve=4GW6R1CeL5ZFWpmmNDyUf8iKX4F7LYwksQtr2uMKrt3F err=kamino market_price_sf implausible: 0
2026-05-30T19:21:20.268862Z  WARN liq_bot::protocol::kamino: kamino reserve parse failed reserve=4PFxojpkRkMKd9n7EvsT7RjcNdDrzMqBJf48hXbATnAd err=kamino market_price_sf implausible: 0
2026-05-30T19:21:20.268874Z  WARN liq_bot::protocol::kamino: kamino reserve parse failed reserve=4Vjt7rRX8FDwW1RstnSB2XBtk2iSZcDTbqWYX5hQNu7P err=kamino market_price_sf implausible: 0
2026-05-30T19:21:20.268884Z  WARN liq_bot::protocol::kamino: kamino reserve parse failed reserve=4Vr68masZ7vhNfbWgVs4f3xC6LEG5QCn91ncRSbYxRWr err=kamino market_price_sf implausible: 0
2026-05-30T19:21:20.268896Z  WARN liq_bot::protocol::kamino: kamino reserve parse failed reserve=4d4Ss8nU6Ko6KVhgdE4FsmMCekUUYdcPax8JAFrD4ZHk err=kamino market_price_sf implausible: 0
2026-05-30T19:21:20.268906Z  WARN liq_bot::protocol::kamino: kamino reserve parse failed reserve=4eoWVc8gtNDUsL12n5Xsfb3SvCtoV87ApZiMbShdp3Wx err=kamino market_price_sf implausible: 0
2026-05-30T19:21:20.268916Z  WARN liq_bot::protocol::kamino: kamino reserve parse failed reserve=4ikmk3fg3FRmCppVVRLhyN8ycYYhw6ZuFvmyfL6h1w1H err=kamino market_price_sf implausible: 0
2026-05-30T19:21:20.268927Z  WARN liq_bot::protocol::kamino: kamino reserve parse failed reserve=4pismkrb6Fxb5D9N2FAj9vMXj4Eh549Mk1WyKbkPVGbE err=kamino market_price_sf implausible: 0
2026-05-30T19:21:20.268938Z  WARN liq_bot::protocol::kamino: kamino reserve parse failed reserve=4r2ACYZwQUjAHDjBY6iYPKnNjnyqVnmBWTviq7bndi1Y err=kamino market_price_sf implausible: 0
2026-05-30T19:21:20.268950Z  WARN liq_bot::protocol::kamino: kamino reserve parse failed reserve=4rKWVLmybHqgZ6UH5tJjbpoK5eDV2rdXkJh9Hykp78vG err=kamino market_price_sf implausible: 0
2026-05-30T19:21:20.268984Z  WARN liq_bot::protocol::kamino: kamino reserve parse failed reserve=558WJv5Jpcjb7xGERhndxLfhHddU8iTRkWx1Y5EVKKmw err=kamino market_price_sf implausible: 0
2026-05-30T19:21:20.269003Z  WARN liq_bot::protocol::kamino: kamino reserve parse failed reserve=59AWRe5252xqLrdsbz6KckgyP4DNtWTo9QZq6C4CFVok err=kamino market_price_sf implausible: 0
2026-05-30T19:21:20.269017Z  WARN liq_bot::protocol::kamino: kamino reserve parse failed reserve=5A7BpKyAmxYCDK44PMJRJNQDE64ngU3sudLg1r3QHXRD err=kamino market_price_sf implausible: 0
2026-05-30T19:21:20.269031Z  WARN liq_bot::protocol::kamino: kamino reserve parse failed reserve=5Cs3PoXLXCeKjtbEzU8cmYUYFQqQz3REwxcovfskzN4Z err=kamino market_price_sf implausible: 0
2026-05-30T19:21:20.269042Z  WARN liq_bot::protocol::kamino: kamino reserve parse failed reserve=5DTwiHvhUrPDhn9ptL9WvSM3hmuLoGU4PU7CatRUiabT err=kamino market_price_sf implausible: 0
2026-05-30T19:21:20.269054Z  WARN liq_bot::protocol::kamino: kamino reserve parse failed reserve=5JF1h364kdeVF9phKNP7ib73G2ww8JCeCamiX8DM7X6M err=kamino market_price_sf implausible: 0
2026-05-30T19:21:20.269064Z  WARN liq_bot::protocol::kamino: kamino reserve parse failed reserve=5JFZJhZG7n3NaKoHJYXSLYLoNdAQswAKJQnQoRxUcLgh err=kamino market_price_sf implausible: 0
2026-05-30T19:21:20.269074Z  WARN liq_bot::protocol::kamino: kamino reserve parse failed reserve=5PMVTYmJG5r9TT47TPZtMwAEAahE2AV7BC9cDYJoEvXT err=kamino market_price_sf implausible: 0
2026-05-30T19:21:20.269085Z  WARN liq_bot::protocol::kamino: kamino reserve parse failed reserve=5TkkkMsJGxpQxFH29vyTwyRo3CC4YT9Qkt4aAdpTBh1w err=kamino market_price_sf implausible: 0
2026-05-30T19:21:20.269094Z  WARN liq_bot::protocol::kamino: kamino reserve parse failed reserve=5TyGvY5EPABSwk8zV8tLmLBQVauJCJUtKDmjVT1nAH5D err=kamino market_price_sf implausible: 0
2026-05-30T19:21:20.269106Z  WARN liq_bot::protocol::kamino: kamino reserve parse failed reserve=5YpGenXaAowj4HS33AvirVb8P4tgue7S7YaY6MyYZ7LD err=kamino market_price_sf implausible: 0.0000009999999999992654
2026-05-30T19:21:20.269118Z  WARN liq_bot::protocol::kamino: kamino reserve parse failed reserve=5cGwFJaeey8r1pyJtxcKQCfgf6gPms1X5ESU4uoMSoCa err=kamino market_price_sf implausible: 0
2026-05-30T19:21:20.269132Z  WARN liq_bot::protocol::kamino: kamino reserve parse failed reserve=5r13K1jPzKWjvEriJgKN7tXAXQv4fMpryp7WtCoeXzk6 err=kamino market_price_sf implausible: 0
2026-05-30T19:21:20.269144Z  WARN liq_bot::protocol::kamino: kamino reserve parse failed reserve=5t7PUxQx3xdHufNeJFjLySaZD51KYGGkjv3c6hPYWr51 err=kamino market_price_sf implausible: 0
2026-05-30T19:21:20.269155Z  WARN liq_bot::protocol::kamino: kamino reserve parse failed reserve=5v9ptGUe478TTT14hP7j2k5nABPEdHVe7946LkCy9rTb err=kamino market_price_sf implausible: 0
2026-05-30T19:21:20.269165Z  WARN liq_bot::protocol::kamino: kamino reserve parse failed reserve=5vWLRDEfjWxXTixq4mpn7U8WmRvmJAT4KSeCdgVV7zoD err=kamino market_price_sf implausible: 0
2026-05-30T19:21:20.269175Z  WARN liq_bot::protocol::kamino: kamino reserve parse failed reserve=5yrmk4MnSGPpEa1iTgYv7yHSYKbLt2qUtC5V7ndwsqWH err=kamino market_price_sf implausible: 0
2026-05-30T19:21:20.269185Z  WARN liq_bot::protocol::kamino: kamino reserve parse failed reserve=627U2TNNJjXyHRWaT5STW27EdXmNootiDQK34HH16fha err=kamino market_price_sf implausible: 0
2026-05-30T19:21:20.269196Z  WARN liq_bot::protocol::kamino: kamino reserve parse failed reserve=6F8jQc49qAUBGMVoeWK1x6VFzpvDH9dT3ggzNDuxTV75 err=kamino market_price_sf implausible: 0
2026-05-30T19:21:20.269206Z  WARN liq_bot::protocol::kamino: kamino reserve parse failed reserve=6HUYtuVxVGzgnzEdEjKvxLfMAQU25zqDQcbQoafCUjbU err=kamino market_price_sf implausible: 0
2026-05-30T19:21:20.269219Z  WARN liq_bot::protocol::kamino: kamino reserve parse failed reserve=6cbbkCH1VjrWYjnoS2ap78Cp6hf6FyJFdTz23xoJUJB7 err=kamino market_price_sf implausible: 0
2026-05-30T19:21:20.269230Z  WARN liq_bot::protocol::kamino: kamino reserve parse failed reserve=6f66advPh3Na6LMon8nW2DB57DtzHn3cJpaSfjRiQ6HU err=kamino market_price_sf implausible: 0
2026-05-30T19:21:20.269243Z  WARN liq_bot::protocol::kamino: kamino reserve parse failed reserve=6hN1YVFYogPe85NjUFAjzvXZpKVc8Vuju2SEPqB2irdc err=kamino market_price_sf implausible: 0
2026-05-30T19:21:20.269253Z  WARN liq_bot::protocol::kamino: kamino reserve parse failed reserve=6jF5BzuKn6a6SbFnsHDCUmXVHnd7bS3oFHvK5bHXAtXJ err=kamino market_price_sf implausible: 0
2026-05-30T19:21:20.269264Z  WARN liq_bot::protocol::kamino: kamino reserve parse failed reserve=6ubvVC18N5xFPLEoivHAUyAc6WzJd2L89mhNYY7cFkxg err=kamino market_price_sf implausible: 0
2026-05-30T19:21:20.269307Z  WARN liq_bot::protocol::kamino: kamino reserve parse failed reserve=6wgkkUsx5QAGQGUX1L6DRNy9CwP6rLihSmB7HpV3HtsV err=kamino market_price_sf implausible: 0
2026-05-30T19:21:20.269317Z  WARN liq_bot::protocol::kamino: kamino reserve parse failed reserve=6yX3CrqSgrvCc6PVxg8ViaGJu6bmZ6ZsjBXi9MnqN1sh err=kamino market_price_sf implausible: 0
2026-05-30T19:21:20.269326Z  WARN liq_bot::protocol::kamino: kamino reserve parse failed reserve=73iDtKxKetn58829MAejZPPctX1zKqTnNTWevmbHquog err=kamino market_price_sf implausible: 0
2026-05-30T19:21:20.269337Z  WARN liq_bot::protocol::kamino: kamino reserve parse failed reserve=74nCXCkJPH9jrP11VUeh4xMsaHmiX3PRgxpxoiqfA1px err=kamino market_price_sf implausible: 0
2026-05-30T19:21:20.269347Z  WARN liq_bot::protocol::kamino: kamino reserve parse failed reserve=76ntj4HZdNrdAcDzyVFJoX7j4L6Ck7wW9mbSjDg2PNyk err=kamino market_price_sf implausible: 0
2026-05-30T19:21:20.269357Z  WARN liq_bot::protocol::kamino: kamino reserve parse failed reserve=7CmxWtZjcjLB4vWTVhu3GdZSJHC3qRD8nb9FVVhGfkdb err=kamino market_price_sf implausible: 0
2026-05-30T19:21:20.269370Z  WARN liq_bot::protocol::kamino: kamino reserve parse failed reserve=7DmFzJQc7CFPRLrQjinAprRMCn3yEZP1eMj2PoJvN8cs err=kamino market_price_sf implausible: 0
2026-05-30T19:21:20.269381Z  WARN liq_bot::protocol::kamino: kamino reserve parse failed reserve=7G6s35ygDo5c7Ym2oiTXYq5toPhpqLG4o73QENjWVCM5 err=kamino market_price_sf implausible: 0
2026-05-30T19:21:20.269391Z  WARN liq_bot::protocol::kamino: kamino reserve parse failed reserve=7H7S5vpkpFUH54DwS5fAviw1wG1dhxwK4nw3ff7rUDQN err=kamino market_price_sf implausible: 0
2026-05-30T19:21:20.269401Z  WARN liq_bot::protocol::kamino: kamino reserve parse failed reserve=7HXHuGY8cd41PUN6V1BLkdwXhDGbrQQik7YwsLpCprAt err=kamino market_price_sf implausible: 0
2026-05-30T19:21:20.269411Z  WARN liq_bot::protocol::kamino: kamino reserve parse failed reserve=7HsJpLQyvQvcfy3EwCmuaCCVDWPCuhnai4ByMiVHMYo5 err=kamino market_price_sf implausible: 0
2026-05-30T19:21:20.269421Z  WARN liq_bot::protocol::kamino: kamino reserve parse failed reserve=7KRbVwcVLih6LB9YmHB6NLtsnoTDA5cGwK6BE3qtiCzN err=kamino market_price_sf implausible: 0
2026-05-30T19:21:20.269432Z  WARN liq_bot::protocol::kamino: kamino reserve parse failed reserve=7M71fnb1UHnwZbgFQrQ4phCL9d4hUiEvFN5sAxe7wt6p err=kamino market_price_sf implausible: 0
2026-05-30T19:21:20.269442Z  WARN liq_bot::protocol::kamino: kamino reserve parse failed reserve=7P9iWs2bW5hJ6N9bTJnnahp71RgUdpkgBQaWAYXTtfZw err=kamino market_price_sf implausible: 0
2026-05-30T19:21:20.269454Z  WARN liq_bot::protocol::kamino: kamino reserve parse failed reserve=7Xk5551vjopEw9JfM8Epf6sE3Cii65yEq6dwenhjr4Kg err=kamino market_price_sf implausible: 0
2026-05-30T19:21:20.269465Z  WARN liq_bot::protocol::kamino: kamino reserve parse failed reserve=7d5jJpMbSLDvHE3SrHn7LdM1eC3P9QwgVtvrhJ8cvL2V err=kamino market_price_sf implausible: 0
2026-05-30T19:21:20.269477Z  WARN liq_bot::protocol::kamino: kamino reserve parse failed reserve=7gQ71SQ6Aq7uLRgkbJnosrSwCRD42Vrro9Yq7C4yN2bu err=kamino market_price_sf implausible: 0
2026-05-30T19:21:20.269490Z  WARN liq_bot::protocol::kamino: kamino reserve parse failed reserve=7iqmbXHLx8n2UrSEMCjrLmvfajdQpY8TNJrxrpyVups4 err=kamino market_price_sf implausible: 0
2026-05-30T19:21:20.269500Z  WARN liq_bot::protocol::kamino: kamino reserve parse failed reserve=7kjQyFEyHhYqxPVHmyBNchXBXurodWKp6kq3SARrnfxz err=kamino market_price_sf implausible: 0
2026-05-30T19:21:20.269514Z  WARN liq_bot::protocol::kamino: kamino reserve parse failed reserve=7o5BD7LCE5iCJoXCJnS2oFte4XNFHussDYPYecjv7UjW err=kamino market_price_sf implausible: 0
2026-05-30T19:21:20.269524Z  WARN liq_bot::protocol::kamino: kamino reserve parse failed reserve=7qaNBepse5T91SMrrb2uTWiKf6sPofA6WCqJpAQ4suuE err=kamino market_price_sf implausible: 0
2026-05-30T19:21:20.269534Z  WARN liq_bot::protocol::kamino: kamino reserve parse failed reserve=7uZCQBCvbEyswfZv67ADRUhWrbBg6pRX6Xk2jTubzGHq err=kamino market_price_sf implausible: 0
2026-05-30T19:21:20.269544Z  WARN liq_bot::protocol::kamino: kamino reserve parse failed reserve=7z6S2qT6Aey7w5iCYLzA9rTW1tBgoZxzgodpdg7Xxdrt err=kamino market_price_sf implausible: 0
2026-05-30T19:21:20.269555Z  WARN liq_bot::protocol::kamino: kamino reserve parse failed reserve=89EtX1m7LVs9wwafKj3ndoWUhNHbZsHFHi1tqo7xv7zf err=kamino market_price_sf implausible: 0
2026-05-30T19:21:20.269565Z  WARN liq_bot::protocol::kamino: kamino reserve parse failed reserve=89gqkMdg9cY1odmAVSoxTHxUpNSZkd1tthKZLrSChecr err=kamino market_price_sf implausible: 0
2026-05-30T19:21:20.269575Z  WARN liq_bot::protocol::kamino: kamino reserve parse failed reserve=8XF3Yd4HFBnz32Dr3M56ywiNiF3HdyTGrwLa2x435vxX err=kamino market_price_sf implausible: 0.0000009999999999992654
2026-05-30T19:21:20.269586Z  WARN liq_bot::protocol::kamino: kamino reserve parse failed reserve=8gbweC9PgzSoRETkwev5yJew8BrXk7LZMjEA11wVEexT err=kamino market_price_sf implausible: 0
2026-05-30T19:21:20.269600Z  WARN liq_bot::protocol::kamino: kamino reserve parse failed reserve=8jG6U9aY8wQM3jvpucL4SDWqso79TeiES3q33pQZcM5Y err=kamino market_price_sf implausible: 0.0000009999999999992654
2026-05-30T19:21:20.269611Z  WARN liq_bot::protocol::kamino: kamino reserve parse failed reserve=8qKJECpnrk7gGpcsn6LNpZTRbuuCwoQAcTBURcHzStwR err=kamino market_price_sf implausible: 0
2026-05-30T19:21:20.269622Z  WARN liq_bot::protocol::kamino: kamino reserve parse failed reserve=8u5RwK1QVGToV6V5iYteCwe46mFeGVJY7YNkoJMpmXgx err=kamino market_price_sf implausible: 0
2026-05-30T19:21:20.269634Z  WARN liq_bot::protocol::kamino: kamino reserve parse failed reserve=8yKBXWtqxNeMNrvxXoXtH6y84ts1L5noWbDnH3FkiLyT err=kamino market_price_sf implausible: 0
2026-05-30T19:21:20.269644Z  WARN liq_bot::protocol::kamino: kamino reserve parse failed reserve=8z1zef1oYBmcJoStj8oH2Dem1abta9LZXGieNTJeAxHj err=kamino market_price_sf implausible: 0
2026-05-30T19:21:20.269654Z  WARN liq_bot::protocol::kamino: kamino reserve parse failed reserve=92QAQengGScZ1bTHpNMFqgaAvryxJy8ivSAEoSoRAeRp err=kamino market_price_sf implausible: 0
2026-05-30T19:21:20.269667Z  WARN liq_bot::protocol::kamino: kamino reserve parse failed reserve=92sukGqgWB5SQB48EqTHzUzMQ9WhxvdazsNGLXjrRbTK err=kamino market_price_sf implausible: 0
2026-05-30T19:21:20.269677Z  WARN liq_bot::protocol::kamino: kamino reserve parse failed reserve=95SjgRza2JrVCXssWKJubpAAZ11E8QGG1uYeHds9iYZn err=kamino market_price_sf implausible: 0
2026-05-30T19:21:20.269687Z  WARN liq_bot::protocol::kamino: kamino reserve parse failed reserve=96srSdmQxjqYahtJh1tKGoa9c9xFpkyiSbFMPNYGMFCt err=kamino market_price_sf implausible: 0
2026-05-30T19:21:20.269698Z  WARN liq_bot::protocol::kamino: kamino reserve parse failed reserve=99dRK41SuJfugWtJwXwUnf1UE1XM9FxFiJMpPq1YAFbW err=kamino market_price_sf implausible: 0
2026-05-30T19:21:20.269708Z  WARN liq_bot::protocol::kamino: kamino reserve parse failed reserve=9D7JWqWfLikBqCV3LZ1FncofPVqWM2Rks1chi2YFBj8z err=kamino market_price_sf implausible: 0
2026-05-30T19:21:20.269718Z  WARN liq_bot::protocol::kamino: kamino reserve parse failed reserve=9DYsXwX9NjwUtXP2KHEhjndZDMEcmPXScrEj6z32Ui5B err=kamino market_price_sf implausible: 0
2026-05-30T19:21:20.269730Z  WARN liq_bot::protocol::kamino: kamino reserve parse failed reserve=9R8ZvJftPpyBGDqQPrE1NHamiAaP14HwbqJ9vFUPqUWJ err=kamino market_price_sf implausible: 0
2026-05-30T19:21:20.269741Z  WARN liq_bot::protocol::kamino: kamino reserve parse failed reserve=9VCbNsbTxaWmrMiuLvkHv1L7P64r1oSv8cqfEN6LjMog err=kamino market_price_sf implausible: 0
2026-05-30T19:21:20.269753Z  WARN liq_bot::protocol::kamino: kamino reserve parse failed reserve=9W7PGjnFrDT8LfE3MT5gKqJHb7dAQhcCKFa1DhbZomAm err=kamino market_price_sf implausible: 0
2026-05-30T19:21:20.269764Z  WARN liq_bot::protocol::kamino: kamino reserve parse failed reserve=9pc44niepDLjeSnFves79XmCGCojs3nmyWTnWpuGXR2Q err=kamino market_price_sf implausible: 0
2026-05-30T19:21:20.269773Z  WARN liq_bot::protocol::kamino: kamino reserve parse failed reserve=9peC48HS6NJKDhUTWZZ8YtkPiTrZLZZbAGez7qHE6uFn err=kamino market_price_sf implausible: 0
2026-05-30T19:21:20.269793Z  WARN liq_bot::protocol::kamino: kamino reserve parse failed reserve=9rdktcUzCg51spXbkFrjjFP7AwStYK6bd9zFbfoYEs2e err=kamino market_price_sf implausible: 0
2026-05-30T19:21:20.269803Z  WARN liq_bot::protocol::kamino: kamino reserve parse failed reserve=9v4zz9XeZWg2Ci3fGpxGZXCVja8NDRNLJHsuJUNNPkPG err=kamino market_price_sf implausible: 0
2026-05-30T19:21:20.269813Z  WARN liq_bot::protocol::kamino: kamino reserve parse failed reserve=9w8Fd4VrgugTezGv38XidsCkJriHovGL75GiBhP9orsy err=kamino market_price_sf implausible: 0
2026-05-30T19:21:20.269822Z  WARN liq_bot::protocol::kamino: kamino reserve parse failed reserve=9wUqhtdJtoRJdWv75rFv2C6T1mfWNAhcj9xB9UfP3U7P err=kamino market_price_sf implausible: 0
2026-05-30T19:21:20.269832Z  WARN liq_bot::protocol::kamino: kamino reserve parse failed reserve=9xFZo3T5UHx53UZyAk2r9oQaz8mjgN64czgQXDi9hgVy err=kamino market_price_sf implausible: 0
2026-05-30T19:21:20.269843Z  WARN liq_bot::protocol::kamino: kamino reserve parse failed reserve=A44vy8QAYru8RBrRzpoRfRxFwjYk9Cumd8NwCNFA9zrA err=kamino market_price_sf implausible: 0
2026-05-30T19:21:20.269852Z  WARN liq_bot::protocol::kamino: kamino reserve parse failed reserve=A4QHJqnBjNw7o5gtryibZioipNvrVVw5k2bTaBamH6fU err=kamino market_price_sf implausible: 0
2026-05-30T19:21:20.269862Z  WARN liq_bot::protocol::kamino: kamino reserve parse failed reserve=A6B78HcDovsveuD4oE39ercEmQogTWswUqxBaoNUb9VH err=kamino market_price_sf implausible: 0
2026-05-30T19:21:20.269871Z  WARN liq_bot::protocol::kamino: kamino reserve parse failed reserve=A7eWnhN4KD3D2BzZNy2hbVg2YANpdeoeninUEBNPFpJF err=kamino market_price_sf implausible: 0
2026-05-30T19:21:20.269881Z  WARN liq_bot::protocol::kamino: kamino reserve parse failed reserve=AEyCizr8c4SoStoueMJXZx55Hr1ftQ1R8ZH1sS8L9dXv err=kamino market_price_sf implausible: 0
2026-05-30T19:21:20.269890Z  WARN liq_bot::protocol::kamino: kamino reserve parse failed reserve=AF6qv35dBZpMrwv3KCFea2hHRFwpnTHWEUX7gLKykZeS err=kamino market_price_sf implausible: 0
2026-05-30T19:21:20.269900Z  WARN liq_bot::protocol::kamino: kamino reserve parse failed reserve=AMtDtbVvJuFKZjTe4uaeUmcEcGzPDWVTRrDv9wVTM2aS err=kamino market_price_sf implausible: 0
2026-05-30T19:21:20.269911Z  WARN liq_bot::protocol::kamino: kamino reserve parse failed reserve=AS6hbBtfLsSBRzwXB9azZDJj281QDEyhZXWTBTKEVtC8 err=kamino market_price_sf implausible: 0
2026-05-30T19:21:20.269921Z  WARN liq_bot::protocol::kamino: kamino reserve parse failed reserve=AcucU22wWapLn5teomfXBHvcKSCXfZBqh1WweZYidmVc err=kamino market_price_sf implausible: 0
2026-05-30T19:21:20.269932Z  WARN liq_bot::protocol::kamino: kamino reserve parse failed reserve=Ag74EMGVZj3tN1Nzfp3yame8EwZ1oQCzcCC6fG1Lh21P err=kamino market_price_sf implausible: 0
2026-05-30T19:21:20.269941Z  WARN liq_bot::protocol::kamino: kamino reserve parse failed reserve=AhL5h8SjeKSjRFKGedJmPoPCoHLiXtDymgfHFnXFhtDZ err=kamino market_price_sf implausible: 0
2026-05-30T19:21:20.269950Z  WARN liq_bot::protocol::kamino: kamino reserve parse failed reserve=AkjaYCzuaYu5DFc4Zr9Bw8NwJJ3ucMFFXZP823bQxKok err=kamino market_price_sf implausible: 0
2026-05-30T19:21:20.269960Z  WARN liq_bot::protocol::kamino: kamino reserve parse failed reserve=AmY3XJjX5L1Rh6PVp6pv5NyJy32xxbEwUNGYQQyJfiE2 err=kamino market_price_sf implausible: 0
2026-05-30T19:21:20.269970Z  WARN liq_bot::protocol::kamino: kamino reserve parse failed reserve=AszvSnRjjkT3Y5AL9xXRJQnYYUfUgkrQFqFM2Db3uA4E err=kamino market_price_sf implausible: 0
2026-05-30T19:21:20.269985Z  WARN liq_bot::protocol::kamino: kamino reserve parse failed reserve=BAfxipNf4z4tKrVE9tNJkEfRoVX5DPojEHwg3yYPNx4Z err=kamino market_price_sf implausible: 0
2026-05-30T19:21:20.269996Z  WARN liq_bot::protocol::kamino: kamino reserve parse failed reserve=BPpCMgVw5asg7zw1g9ta7tK9ae1N5NQ6bdPPn5fEovD8 err=kamino market_price_sf implausible: 0
2026-05-30T19:21:20.270007Z  WARN liq_bot::protocol::kamino: kamino reserve parse failed reserve=BU9cKrdE4hyF7xKmuahsZ3xHbRV4si2HSx4Hc73f64HM err=kamino market_price_sf implausible: 0
2026-05-30T19:21:20.270017Z  WARN liq_bot::protocol::kamino: kamino reserve parse failed reserve=BXwowweBxX9FJrdD2a3Upd3mYWfPBDkUTkAo1sALJbkz err=kamino market_price_sf implausible: 0
2026-05-30T19:21:20.270027Z  WARN liq_bot::protocol::kamino: kamino reserve parse failed reserve=BaxVKdGca8n7G98n55erdrik4ZzMzhjDRNxpz3VJVi2W err=kamino market_price_sf implausible: 0.00000015381942292461148
2026-05-30T19:21:20.270037Z  WARN liq_bot::protocol::kamino: kamino reserve parse failed reserve=BeE9UfaTaaXRrhkjaWZ25uEsCLwfmCsGQ9kJsajqsHjp err=kamino market_price_sf implausible: 0
2026-05-30T19:21:20.270046Z  WARN liq_bot::protocol::kamino: kamino reserve parse failed reserve=BhD4buCKPSpXiws9CzuXoE4Hg4XDAxfNVPnHPSWV3PgG err=kamino market_price_sf implausible: 0
2026-05-30T19:21:20.270056Z  WARN liq_bot::protocol::kamino: kamino reserve parse failed reserve=BiZmBSgfVL584adUpVQwRzbwZEYzGvnkq4YQRbiwnGxY err=kamino market_price_sf implausible: 0
2026-05-30T19:21:20.270067Z  WARN liq_bot::protocol::kamino: kamino reserve parse failed reserve=Bq9ZUxqqzwjVTaM3sJBft18Y7vcjysh2xCXdibfNavw3 err=kamino market_price_sf implausible: 0
2026-05-30T19:21:20.270078Z  WARN liq_bot::protocol::kamino: kamino reserve parse failed reserve=Buzy9uVc3ktKes8ir3A8c9biUgjdHM1yyTJV9bkmnFoW err=kamino market_price_sf implausible: 0
2026-05-30T19:21:20.270088Z  WARN liq_bot::protocol::kamino: kamino reserve parse failed reserve=BxN37S4BJqmpZrd5y3o2cT4C4oXFeEz9eJX9K2qzg9Cq err=kamino market_price_sf implausible: 0
2026-05-30T19:21:20.270098Z  WARN liq_bot::protocol::kamino: kamino reserve parse failed reserve=ByuMrcJ56qBjn1NKjjFve16HqiGUUBMWFV2mYLNxe4mH err=kamino market_price_sf implausible: 0
2026-05-30T19:21:20.270108Z  WARN liq_bot::protocol::kamino: kamino reserve parse failed reserve=C4mpB2Tgi9hcf51xbKquHc2D5hEyFjfr5t4opiXN3pTu err=kamino market_price_sf implausible: 0
2026-05-30T19:21:20.270118Z  WARN liq_bot::protocol::kamino: kamino reserve parse failed reserve=C6e5Pp9qANUw9M482mb9tFfdaxrrnuDoYNXxBA6BH3Kh err=kamino market_price_sf implausible: 0
2026-05-30T19:21:20.270130Z  WARN liq_bot::protocol::kamino: kamino reserve parse failed reserve=CDt7Z17ghrYFA1XJEprFSUNTCd7V7NrzBd5Cym6cEgwa err=kamino market_price_sf implausible: 0
2026-05-30T19:21:20.270140Z  WARN liq_bot::protocol::kamino: kamino reserve parse failed reserve=CFhWwx5GoVBLfKXakRaJXSYGFkKvo54KMS8GsiYsRr4k err=kamino market_price_sf implausible: 0
2026-05-30T19:21:20.270151Z  WARN liq_bot::protocol::kamino: kamino reserve parse failed reserve=CSPPBkJ3XAoMQK2JhHkKhdvebticZ3DGfqN1gUxCcDky err=kamino market_price_sf implausible: 0
2026-05-30T19:21:20.270161Z  WARN liq_bot::protocol::kamino: kamino reserve parse failed reserve=CcTxvDYcqeEYqmnGojL1YzVwoxmKKZwVT8kiGYTEbChG err=kamino market_price_sf implausible: 0
2026-05-30T19:21:20.270171Z  WARN liq_bot::protocol::kamino: kamino reserve parse failed reserve=Ce91zQAv4D3BKGtA3rzkkEcHmS8i2AGKMwTkp9VMFPC5 err=kamino market_price_sf implausible: 0
2026-05-30T19:21:20.270180Z  WARN liq_bot::protocol::kamino: kamino reserve parse failed reserve=Cf21YVa69NNKoTCeTZ2AucC1ZyTQws7kaXNQY9fz1LGY err=kamino market_price_sf implausible: 0
2026-05-30T19:21:20.270190Z  WARN liq_bot::protocol::kamino: kamino reserve parse failed reserve=Cg7D12YWQpb9JxsysdJtTr2DXTUgNC7eLiBXJj7Xmuee err=kamino market_price_sf implausible: 0
2026-05-30T19:21:20.270201Z  WARN liq_bot::protocol::kamino: kamino reserve parse failed reserve=Cj1aKeMPoU1LoJXk5bkSNxB9W5CR8ahQaKcDQzk7kBPC err=kamino market_price_sf implausible: 0
2026-05-30T19:21:20.270211Z  WARN liq_bot::protocol::kamino: kamino reserve parse failed reserve=Cn7xKddngLbBrxHfQD358euYk5xc4tPU8pQgQXUdeTvT err=kamino market_price_sf implausible: 0
2026-05-30T19:21:20.270224Z  WARN liq_bot::protocol::kamino: kamino reserve parse failed reserve=CthpkYsMaFiiY6fAjuGMRQSAFD2DUEdUGxfhJJy63gpe err=kamino market_price_sf implausible: 0
2026-05-30T19:21:20.270239Z  WARN liq_bot::protocol::kamino: kamino reserve parse failed reserve=CuxBQPgcVBZv6pTUuh57di7xARHmB9mBFuB1tPvHa2dZ err=kamino market_price_sf implausible: 0
2026-05-30T19:21:20.270249Z  WARN liq_bot::protocol::kamino: kamino reserve parse failed reserve=CznEy8ygXk4XAPoDJKzFGxix5kJjHVB14vvZpUMF8tKd err=kamino market_price_sf implausible: 0
2026-05-30T19:21:20.270260Z  WARN liq_bot::protocol::kamino: kamino reserve parse failed reserve=D24erLaozAWME8PgPXxtjNZE6QBUnD3fM4SaEpcvQ3Wj err=kamino market_price_sf implausible: 0
2026-05-30T19:21:20.270273Z  WARN liq_bot::protocol::kamino: kamino reserve parse failed reserve=DJ4gnFPKPFp29tS4Y3JFUFBwrcfSmHgdYaisRtSTEPhc err=kamino market_price_sf implausible: 0
2026-05-30T19:21:20.270283Z  WARN liq_bot::protocol::kamino: kamino reserve parse failed reserve=DM77x98bWHEHYiZVerB3EYe2Z259UiYkkopi2UgNNe1N err=kamino market_price_sf implausible: 0
2026-05-30T19:21:20.270295Z  WARN liq_bot::protocol::kamino: kamino reserve parse failed reserve=DNK6XvrZpvJAdVFKS7mnwSzj53jN26onhDPM7JUkhyyh err=kamino market_price_sf implausible: 0
2026-05-30T19:21:20.270307Z  WARN liq_bot::protocol::kamino: kamino reserve parse failed reserve=DQi9abPfZNCXWMeE24LbEFceCWYvxhwvrQahYnmDHPfs err=kamino market_price_sf implausible: 0
2026-05-30T19:21:20.270318Z  WARN liq_bot::protocol::kamino: kamino reserve parse failed reserve=DUMbfm18M9zSV15JikDJUYMEZCS2QwTeA9k5SHRmXG1e err=kamino market_price_sf implausible: 0
2026-05-30T19:21:20.270327Z  WARN liq_bot::protocol::kamino: kamino reserve parse failed reserve=DUk9nAJVcZAxZXiSFepdokVDaj6quW9SDpMCkBvyi3op err=kamino market_price_sf implausible: 0
2026-05-30T19:21:20.270338Z  WARN liq_bot::protocol::kamino: kamino reserve parse failed reserve=DeNggFz6UDowWupZAVdouHLTRcdTJHRZYhaStBHXKLP2 err=kamino market_price_sf implausible: 0
2026-05-30T19:21:20.270353Z  WARN liq_bot::protocol::kamino: kamino reserve parse failed reserve=DjVPCZB7gsQziLdwrpv7foE75h96RFHm2SoCLbtL2xxu err=kamino market_price_sf implausible: 0
2026-05-30T19:21:20.270366Z  WARN liq_bot::protocol::kamino: kamino reserve parse failed reserve=DmxXbFELmpKJeW5adyXkreRUMqfWLT6AvKfaEvhWggcn err=kamino market_price_sf implausible: 0
2026-05-30T19:21:20.270375Z  WARN liq_bot::protocol::kamino: kamino reserve parse failed reserve=DpEm8kt6DKRikM3u3oQqXkU1y4zF3heiaunA1mZ4JeNe err=kamino market_price_sf implausible: 0
2026-05-30T19:21:20.270390Z  WARN liq_bot::protocol::kamino: kamino reserve parse failed reserve=DwxUKEX7QL95kmxSyhipWGwDFBWfWJe8EFFPakt44VKf err=kamino market_price_sf implausible: 0
2026-05-30T19:21:20.270402Z  WARN liq_bot::protocol::kamino: kamino reserve parse failed reserve=DymJRcnhjupMEnmq6UmgRdZqhPcrVSZj86fvzCngUvBp err=kamino market_price_sf implausible: 0
2026-05-30T19:21:20.270413Z  WARN liq_bot::protocol::kamino: kamino reserve parse failed reserve=E34Wa4WQWdG8KC3S7Y5QtYriiamnYPo3t6fki9FsCV6p err=kamino market_price_sf implausible: 0
2026-05-30T19:21:20.270488Z  WARN liq_bot::protocol::kamino: kamino reserve parse failed reserve=EESid2a5AnDszckYTy5iVTSsJsZp29cw7bAMj8xGr3MY err=kamino market_price_sf implausible: 0
2026-05-30T19:21:20.270499Z  WARN liq_bot::protocol::kamino: kamino reserve parse failed reserve=EKSzJPhv1muRVnuUgB3vn5bbSUGBxj5mjQwF5zgVDJUD err=kamino market_price_sf implausible: 0
2026-05-30T19:21:20.270511Z  WARN liq_bot::protocol::kamino: kamino reserve parse failed reserve=EYC1tMZD9nxw9bDrqatKPkTfDDscYvU5eWbJgQs3hXGW err=kamino market_price_sf implausible: 0
2026-05-30T19:21:20.270520Z  WARN liq_bot::protocol::kamino: kamino reserve parse failed reserve=EdkN1FecTZSp5B5ZsiqeeFpZ9uBwp9aCZ83rAwSAWQQz err=kamino market_price_sf implausible: 0
2026-05-30T19:21:20.270530Z  WARN liq_bot::protocol::kamino: kamino reserve parse failed reserve=EqqYvm4PYQ1qrnapyQvEFLThkQPvG5NfoSnNC5x8BhWa err=kamino market_price_sf implausible: 0
2026-05-30T19:21:20.270547Z  WARN liq_bot::protocol::kamino: kamino reserve parse failed reserve=EtbCpEGkqdAzFWsTWicgBUCysdGHYPrzGvVojawFABn2 err=kamino market_price_sf implausible: 0
2026-05-30T19:21:20.270557Z  WARN liq_bot::protocol::kamino: kamino reserve parse failed reserve=EvPgbcXw1vTkqXTo8PQKZ19Jq9JuSvrTL8BJbiYKqfzr err=kamino market_price_sf implausible: 0
2026-05-30T19:21:20.270567Z  WARN liq_bot::protocol::kamino: kamino reserve parse failed reserve=EwnhXQ3k45bP6ZgWCoURGmK3eJ9sNhGnZC79oGbkQKj3 err=kamino market_price_sf implausible: 0
2026-05-30T19:21:20.270576Z  WARN liq_bot::protocol::kamino: kamino reserve parse failed reserve=EyJ85YntvZoPQ8gTCAtyQYACQLWnowYLkLsC5tN8LU3n err=kamino market_price_sf implausible: 0
2026-05-30T19:21:20.270593Z  WARN liq_bot::protocol::kamino: kamino reserve parse failed reserve=F6Sg8fQkLygf8sWTi8mm5kaRrhG91C43R2hRZHcF4jLY err=kamino market_price_sf implausible: 0
2026-05-30T19:21:20.270607Z  WARN liq_bot::protocol::kamino: kamino reserve parse failed reserve=F8XCAa35zCFwzesW7mNwCFYcf3UqeGtrkPyAhk6JKv3k err=kamino market_price_sf implausible: 0
2026-05-30T19:21:20.270619Z  WARN liq_bot::protocol::kamino: kamino reserve parse failed reserve=FBizRQbg6d6RXbmX9EkQESNtsKAcu4xx3dnzEyZXphUv err=kamino market_price_sf implausible: 0
2026-05-30T19:21:20.270630Z  WARN liq_bot::protocol::kamino: kamino reserve parse failed reserve=FHdLRTHb9WDh5JYBnPgyJ7KGJK7MLQQTM7vqnxLpBEYR err=kamino market_price_sf implausible: 0
2026-05-30T19:21:20.270642Z  WARN liq_bot::protocol::kamino: kamino reserve parse failed reserve=FSvRXeTX9QFkfsQsvkfwmNYP6BWaBSvLRt6Hm3p8ctiE err=kamino market_price_sf implausible: 0
2026-05-30T19:21:20.270656Z  WARN liq_bot::protocol::kamino: kamino reserve parse failed reserve=FoGtzATMsj1JqJLuQTS9JxpLj2dqKQSbPSPB5tZCogaG err=kamino market_price_sf implausible: 0
2026-05-30T19:21:20.270666Z  WARN liq_bot::protocol::kamino: kamino reserve parse failed reserve=FpBj2PbPYQSf8D7Pheto23ajzbsURceQG5z3hrqUX1Bd err=kamino market_price_sf implausible: 0
2026-05-30T19:21:20.270676Z  WARN liq_bot::protocol::kamino: kamino reserve parse failed reserve=FpuQaFELdfNy5EETntTBrNAMbduRvrGz1oKJKN1NBSfr err=kamino market_price_sf implausible: 0
2026-05-30T19:21:20.270686Z  WARN liq_bot::protocol::kamino: kamino reserve parse failed reserve=Fte3haxfryPg1XXZY3xgu4BtWpPt1oK8K64aNMBqa8sX err=kamino market_price_sf implausible: 0
2026-05-30T19:21:20.270696Z  WARN liq_bot::protocol::kamino: kamino reserve parse failed reserve=G1tnUkkf7TqbkcoMe6zeBPK8zSXvsWMieBCjHWo8UWsy err=kamino market_price_sf implausible: 0
2026-05-30T19:21:20.270710Z  WARN liq_bot::protocol::kamino: kamino reserve parse failed reserve=G31zKdH2SkDZPhmoQraep5xbTSPyk3VZxAeBdC3nmq5J err=kamino market_price_sf implausible: 0.0000009999999999992654
2026-05-30T19:21:20.270720Z  WARN liq_bot::protocol::kamino: kamino reserve parse failed reserve=G4hoFpxKzwhbzg3q7VemjSnfTmMQhNBKpPwHpg9YTj7y err=kamino market_price_sf implausible: 0
2026-05-30T19:21:20.270729Z  WARN liq_bot::protocol::kamino: kamino reserve parse failed reserve=G5wCr3UPHmXEabafuzXGV9YcsA8D9Sf1EigxvKdSw1XB err=kamino market_price_sf implausible: 0
2026-05-30T19:21:20.270744Z  WARN liq_bot::protocol::kamino: kamino reserve parse failed reserve=Gf1jAqRecu2cd1dV8kgNtcFuRbHmkxLKzrYtS8D1Hiqy err=kamino market_price_sf implausible: 0
2026-05-30T19:21:20.270754Z  WARN liq_bot::protocol::kamino: kamino reserve parse failed reserve=Ggn9EUzL5QQPM8JPsyu1MU1uD3rGJty7iXddLQnmxPyS err=kamino market_price_sf implausible: 0.0000009999999999992654
2026-05-30T19:21:20.270765Z  WARN liq_bot::protocol::kamino: kamino reserve parse failed reserve=GnUKtijHjJDaP1sV7YgCKGXLUiuZ9pgP8Jy77a5i8i23 err=kamino market_price_sf implausible: 0
2026-05-30T19:21:20.270779Z  WARN liq_bot::protocol::kamino: kamino reserve parse failed reserve=H2XkxchDjpsEYMRxqB4zaw6AxFRopAj3umyRCCwj82Rk err=kamino market_price_sf implausible: 0
2026-05-30T19:21:20.270797Z  WARN liq_bot::protocol::kamino: kamino reserve parse failed reserve=H3RFccLbGxt3p6BnxJ1XQafVxkNcx22HX38xmHb9fx3Q err=kamino market_price_sf implausible: 0
2026-05-30T19:21:20.270810Z  WARN liq_bot::protocol::kamino: kamino reserve parse failed reserve=H9LSRUjUEAqVNwqWUAHy6P3C8bLoHgttYZjWMgEQy8YN err=kamino market_price_sf implausible: 0
2026-05-30T19:21:20.270820Z  WARN liq_bot::protocol::kamino: kamino reserve parse failed reserve=HBEC2LaJsM8oYwGKY3BCF8aXXePX9sz6VXtY9nuAkKa9 err=kamino market_price_sf implausible: 0
2026-05-30T19:21:20.270832Z  WARN liq_bot::protocol::kamino: kamino reserve parse failed reserve=HRPh81vsMHzng4cG4hW4ZhRHYugfpCSjgNkpjzXhhUrA err=kamino market_price_sf implausible: 0
2026-05-30T19:21:20.270842Z  WARN liq_bot::protocol::kamino: kamino reserve parse failed reserve=HT9iJoeMjQmCmxea85Wx4F9rqEgCXzmSfShjCcaUbNnU err=kamino market_price_sf implausible: 0
2026-05-30T19:21:20.270851Z  WARN liq_bot::protocol::kamino: kamino reserve parse failed reserve=HUVYBTTwKWJMUCt7rF7JVStnHzYyknas2uVs863oWKes err=kamino market_price_sf implausible: 0
2026-05-30T19:21:20.270864Z  WARN liq_bot::protocol::kamino: kamino reserve parse failed reserve=Hx1p4UG6L3xxGVQo3V8yBe1MF8sw8ZRSaTXRkf77UHEq err=kamino market_price_sf implausible: 0
2026-05-30T19:21:20.270874Z  WARN liq_bot::protocol::kamino: kamino reserve parse failed reserve=Hx2kK9DeYyUaLVb3FSdQqKRyu8wcQjY6ZBma3tSdvox7 err=kamino market_price_sf implausible: 0
2026-05-30T19:21:20.270885Z  WARN liq_bot::protocol::kamino: kamino reserve parse failed reserve=J8jySh5BNjbPk4xncbydiAEQNkew8FTm3Ljn4Ns1NMoq err=kamino market_price_sf implausible: 0
2026-05-30T19:21:20.270895Z  WARN liq_bot::protocol::kamino: kamino reserve parse failed reserve=JCg49umdUwLYRnHRVBBqEYeVgcA5CFfrgzHDBSwHaBDg err=kamino market_price_sf implausible: 0
2026-05-30T19:21:20.270905Z  WARN liq_bot::protocol::kamino: kamino reserve parse failed reserve=JDwHoLPzknVeE3eR9F9nEAZFRQg1pCD5KrBMMhuHPMPR err=kamino market_price_sf implausible: 0
2026-05-30T19:24:20.306773Z ERROR liq_bot::tui: scan failed panel=kamino err="request or response body error: operation timed out: request or response body error: operation timed out: operation timed out"
2026-05-30T19:24:22.703343Z  INFO liq_bot::protocol::drift: fetched 66 drift spot markets
